<?xml version="1.0" encoding="UTF-8"?>
<!-- Generated by org.testng.reporters.JUnitReportReporter -->
<testsuite hostname="L-270331" failures="0" tests="1" name="kaushal.demo.now" time="24.014" errors="0" timestamp="2023-06-06T20:53:30 IST" skipped="0">
  <testcase classname="kaushal.demo.now" name="apptest" time="24.014"/>
  <system-out/>
</testsuite> <!-- kaushal.demo.now -->
