<?xml version="1.0" encoding="UTF-8"?>
<!-- Generated by org.testng.reporters.JUnitReportReporter -->
<testsuite hostname="L-270331" failures="0" tests="1" name="RealUdemy.SideMenuTest" time="1.078" errors="0" timestamp="2023-07-28T12:56:54 IST" skipped="0">
  <testcase classname="RealUdemy.SideMenuTest" name="Sides" time="1.078"/>
  <system-out/>
</testsuite> <!-- RealUdemy.SideMenuTest -->
