<?xml version="1.0" encoding="UTF-8"?>
<!-- Generated by org.testng.reporters.JUnitReportReporter -->
<testsuite hostname="L-270331" failures="0" tests="1" name="SomanyTestClass.report" time="0.331" errors="0" timestamp="2023-10-24T12:38:30 IST" skipped="0">
  <testcase classname="SomanyTestClass.report" name="testcase1" time="0.331"/>
  <system-out/>
</testsuite> <!-- SomanyTestClass.report -->
