<?xml version="1.0" encoding="UTF-8"?>
<!-- Generated by org.testng.reporters.JUnitReportReporter -->
<testsuite hostname="L-270331" failures="0" tests="6" name="udmyApi.ApiDemoapp" time="14.628" errors="0" timestamp="2023-06-23T22:43:49 IST" skipped="0">
  <testcase classname="udmyApi.ApiDemoapp" name="preferance" time="3.506"/>
  <system-out/>
  <testcase classname="udmyApi.ApiDemoapp" name="preferancedependancies" time="3.461"/>
  <system-out/>
  <testcase classname="udmyApi.ApiDemoapp" name="wificheckbox" time="2.697"/>
  <system-out/>
  <testcase classname="udmyApi.ApiDemoapp" name="wifiname" time="2.738"/>
  <system-out/>
  <testcase classname="udmyApi.ApiDemoapp" name="wifiname_pass" time="2.137"/>
  <system-out/>
  <testcase classname="udmyApi.ApiDemoapp" name="press_ok" time="0.089"/>
  <system-out/>
</testsuite> <!-- udmyApi.ApiDemoapp -->
