<?xml version="1.0" encoding="UTF-8"?>
<!-- Generated by org.testng.reporters.JUnitReportReporter -->
<testsuite hostname="L-270331" failures="0" tests="1" name="Somany.Redirect" time="8.944" errors="0" timestamp="2023-06-16T00:05:03 IST" skipped="0">
  <testcase classname="Somany.Redirect" name="direct" time="8.944"/>
  <system-out/>
</testsuite> <!-- Somany.Redirect -->
