<?xml version="1.0" encoding="UTF-8"?>
<!-- Generated by org.testng.reporters.JUnitReportReporter -->
<testsuite hostname="L-270331" failures="0" tests="1" name="Somany.somanyApp" time="2.369" errors="0" timestamp="2023-06-19T20:18:52 IST" skipped="0">
  <testcase classname="Somany.somanyApp" name="Transcation" time="2.369"/>
  <system-out/>
</testsuite> <!-- Somany.somanyApp -->
