<?xml version="1.0" encoding="UTF-8"?>
<!-- Generated by org.testng.reporters.JUnitReportReporter -->
<testsuite hostname="L-270331" failures="0" tests="1" name="Somany.BaseTest" time="3.138" errors="0" timestamp="2023-06-15T13:46:28 IST" skipped="0">
  <testcase classname="Somany.BaseTest" name="end" time="3.138"/>
  <system-out/>
</testsuite> <!-- Somany.BaseTest -->
