<?xml version="1.0" encoding="UTF-8"?>
<!-- Generated by org.testng.reporters.JUnitReportReporter -->
<testsuite hostname="L-270331" failures="0" tests="1" name="RealUdemy.LoginTest" time="19.657" errors="0" timestamp="2023-07-28T11:35:23 IST" skipped="0">
  <testcase classname="RealUdemy.LoginTest" name="detail" time="19.657"/>
  <system-out/>
</testsuite> <!-- RealUdemy.LoginTest -->
