<?xml version="1.0" encoding="UTF-8"?>
<!-- Generated by org.testng.reporters.JUnitReportReporter -->
<testsuite hostname="L-270331" failures="0" tests="1" name="SomanyTestClass.logic" time="0.125" errors="0" timestamp="2024-01-04T22:46:02 IST" skipped="0">
  <testcase classname="SomanyTestClass.logic" name="Arraya" time="0.125"/>
  <system-out/>
</testsuite> <!-- SomanyTestClass.logic -->
