<?xml version="1.0" encoding="UTF-8"?>
<!-- Generated by org.testng.reporters.JUnitReportReporter -->
<testsuite hostname="L-270331" failures="0" tests="30" name="SomanyTestClass.RetailerNominationTest" time="151.325" errors="0" timestamp="2023-10-25T23:32:01 IST" skipped="0">
  <testcase classname="SomanyTestClass.RetailerNominationTest" name="My_retailer" time="1.974"/>
  <system-out/>
  <testcase classname="SomanyTestClass.RetailerNominationTest" name="Add_retailer" time="0.941"/>
  <system-out/>
  <testcase classname="SomanyTestClass.RetailerNominationTest" name="member_Type" time="15.245"/>
  <system-out/>
  <testcase classname="SomanyTestClass.RetailerNominationTest" name="Full_Name" time="8.078"/>
  <system-out/>
  <testcase classname="SomanyTestClass.RetailerNominationTest" name="mobile_number" time="6.370"/>
  <system-out/>
  <testcase classname="SomanyTestClass.RetailerNominationTest" name="firm_name" time="5.373"/>
  <system-out/>
  <testcase classname="SomanyTestClass.RetailerNominationTest" name="designation" time="5.547"/>
  <system-out/>
  <testcase classname="SomanyTestClass.RetailerNominationTest" name="profile_photo" time="7.059"/>
  <system-out/>
  <testcase classname="SomanyTestClass.RetailerNominationTest" name="Email_ID" time="6.426"/>
  <system-out/>
  <testcase classname="SomanyTestClass.RetailerNominationTest" name="PAN_Numbaer" time="11.844"/>
  <system-out/>
  <testcase classname="SomanyTestClass.RetailerNominationTest" name="PAN_image" time="7.252"/>
  <system-out/>
  <testcase classname="SomanyTestClass.RetailerNominationTest" name="Date_of_Birth" time="0.132"/>
  <system-out/>
  <testcase classname="SomanyTestClass.RetailerNominationTest" name="edit" time="1.714"/>
  <system-out/>
  <testcase classname="SomanyTestClass.RetailerNominationTest" name="Enter_Date" time="0.097"/>
  <system-out/>
  <testcase classname="SomanyTestClass.RetailerNominationTest" name="ok" time="7.417"/>
  <system-out/>
  <testcase classname="SomanyTestClass.RetailerNominationTest" name="Distributor_Name" time="4.991"/>
  <system-out/>
  <testcase classname="SomanyTestClass.RetailerNominationTest" name="Adrerss" time="4.089"/>
  <system-out/>
  <testcase classname="SomanyTestClass.RetailerNominationTest" name="Region" time="4.073"/>
  <system-out/>
  <testcase classname="SomanyTestClass.RetailerNominationTest" name="State" time="4.582"/>
  <system-out/>
  <testcase classname="SomanyTestClass.RetailerNominationTest" name="District_City" time="2.889"/>
  <system-out/>
  <testcase classname="SomanyTestClass.RetailerNominationTest" name="pinCode" time="5.253"/>
  <system-out/>
  <testcase classname="SomanyTestClass.RetailerNominationTest" name="Regional_Business_manager" time="2.344"/>
  <system-out/>
  <testcase classname="SomanyTestClass.RetailerNominationTest" name="Remark" time="13.613"/>
  <system-out/>
  <testcase classname="SomanyTestClass.RetailerNominationTest" name="Visiting_card" time="4.958"/>
  <system-out/>
  <testcase classname="SomanyTestClass.RetailerNominationTest" name="owner_photo" time="4.979"/>
  <system-out/>
  <testcase classname="SomanyTestClass.RetailerNominationTest" name="shope_photo" time="4.964"/>
  <system-out/>
  <testcase classname="SomanyTestClass.RetailerNominationTest" name="GST_certificate" time="4.969"/>
  <system-out/>
  <testcase classname="SomanyTestClass.RetailerNominationTest" name="submit" time="0.099"/>
  <system-out/>
  <testcase classname="SomanyTestClass.RetailerNominationTest" name="scrollbit" time="1.982"/>
  <system-out/>
  <testcase classname="SomanyTestClass.RetailerNominationTest" name="back" time="2.071"/>
  <system-out/>
</testsuite> <!-- SomanyTestClass.RetailerNominationTest -->
