<?xml version="1.0" encoding="UTF-8"?>
<!-- Generated by org.testng.reporters.JUnitReportReporter -->
<testsuite hostname="L-270331" failures="0" tests="1" name="kaushal.demo.ApiDemoapp" time="1.149" errors="0" timestamp="2023-06-06T21:52:31 IST" skipped="0">
  <testcase classname="kaushal.demo.ApiDemoapp" name="apptest" time="1.149"/>
  <system-out/>
</testsuite> <!-- kaushal.demo.ApiDemoapp -->
