<?xml version="1.0" encoding="UTF-8"?>
<!-- Generated by org.testng.reporters.JUnitReportReporter -->
<testsuite hostname="L-270331" failures="0" tests="3" name="RealUdemy.AdditionOfPrice" time="54.031" errors="0" timestamp="2023-07-06T10:27:35 IST" skipped="0">
  <testcase classname="RealUdemy.AdditionOfPrice" name="name" time="22.096"/>
  <system-out/>
  <testcase classname="RealUdemy.AdditionOfPrice" name="sum" time="8.336"/>
  <system-out/>
  <testcase classname="RealUdemy.AdditionOfPrice" name="browser" time="23.599"/>
  <system-out/>
</testsuite> <!-- RealUdemy.AdditionOfPrice -->
