<?xml version="1.0" encoding="UTF-8"?>
<!-- Generated by org.testng.reporters.JUnitReportReporter -->
<testsuite hostname="L-270331" failures="0" tests="1" name="RealUdemy.HomePageTest" time="1.095" errors="0" timestamp="2023-07-28T12:32:51 IST" skipped="0">
  <testcase classname="RealUdemy.HomePageTest" name="Home" time="1.095"/>
  <system-out/>
</testsuite> <!-- RealUdemy.HomePageTest -->
