<?xml version="1.0" encoding="UTF-8"?>
<!-- Generated by org.testng.reporters.JUnitReportReporter -->
<testsuite hostname="L-270331" failures="0" tests="1" name="RealUdemy.sameLocator_productList" time="7.355" errors="0" timestamp="2023-06-28T10:35:31 IST" skipped="0">
  <testcase classname="RealUdemy.sameLocator_productList" name="list" time="7.355"/>
  <system-out/>
</testsuite> <!-- RealUdemy.sameLocator_productList -->
