<?xml version="1.0" encoding="UTF-8"?>
<!-- Generated by org.testng.reporters.JUnitReportReporter -->
<testsuite hostname="L-270331" failures="0" tests="2" name="udmyApi.Scroll_Api" time="0.005" errors="0" timestamp="2023-06-14T22:18:42 IST" skipped="1">
  <testcase classname="udmyApi.Scroll_Api" name="Scroll_upto_limit" time="0.005"/>
  <system-out/>
  <testcase classname="udmyApi.Scroll_Api" name="Scroll_to_Ele">
    <skipped/>
  </testcase> <!-- Scroll_to_Ele -->
  <system-out/>
</testsuite> <!-- udmyApi.Scroll_Api -->
