<?xml version="1.0" encoding="UTF-8"?>
<!-- Generated by org.testng.reporters.JUnitReportReporter -->
<testsuite hostname="L-270331" failures="0" tests="1" name="RealUdemy.login" time="8.042" errors="0" timestamp="2023-06-27T19:49:58 IST" skipped="0">
  <testcase classname="RealUdemy.login" name="name" time="8.042"/>
  <system-out/>
</testsuite> <!-- RealUdemy.login -->
