<?xml version="1.0" encoding="UTF-8"?>
<!-- Generated by org.testng.reporters.JUnitReportReporter -->
<testsuite hostname="L-270331" failures="0" tests="5" name="udmyApi.longPressEle" time="7.604" errors="0" timestamp="2023-06-13T10:25:47 IST" skipped="0">
  <testcase classname="udmyApi.longPressEle" name="View_click" time="1.039"/>
  <system-out/>
  <testcase classname="udmyApi.longPressEle" name="ExList_click" time="1.493"/>
  <system-out/>
  <testcase classname="udmyApi.longPressEle" name="Custom_adaptor" time="0.867"/>
  <system-out/>
  <testcase classname="udmyApi.longPressEle" name="long_Press" time="4.109"/>
  <system-out/>
  <testcase classname="udmyApi.longPressEle" name="click_LonfPresEle" time="0.096"/>
  <system-out/>
</testsuite> <!-- udmyApi.longPressEle -->
