<?xml version="1.0" encoding="UTF-8"?>
<!-- Generated by org.testng.reporters.JUnitReportReporter -->
<testsuite hostname="L-270331" failures="0" tests="1" name="report" time="0.010" errors="0" timestamp="2023-10-23T09:18:40 IST" skipped="0">
  <testcase classname="report" name="f" time="0.010"/>
  <system-out/>
</testsuite> <!-- report -->
