<?xml version="1.0" encoding="UTF-8"?>
<!-- Generated by org.testng.reporters.JUnitReportReporter -->
<testsuite hostname="L-270331" failures="0" tests="4" name="udmyApi.actionappium" time="6.908" errors="0" timestamp="2023-06-08T13:56:58 IST" skipped="0">
  <testcase classname="udmyApi.actionappium" name="View_click" time="0.982"/>
  <system-out/>
  <testcase classname="udmyApi.actionappium" name="ExList_click" time="0.972"/>
  <system-out/>
  <testcase classname="udmyApi.actionappium" name="Custom_adaptor" time="0.849"/>
  <system-out/>
  <testcase classname="udmyApi.actionappium" name="long_Press" time="4.105"/>
  <system-out/>
</testsuite> <!-- udmyApi.actionappium -->
