<?xml version="1.0" encoding="UTF-8"?>
<!-- Generated by org.testng.reporters.JUnitReportReporter -->
<testsuite hostname="L-270331" failures="0" tests="1" name="SomanyTestClass.RedumptionFlowTest" time="0.751" errors="0" timestamp="2024-01-17T17:03:22 IST" skipped="0">
  <testcase classname="SomanyTestClass.RedumptionFlowTest" name="OrederSummary" time="0.751"/>
  <system-out/>
</testsuite> <!-- SomanyTestClass.RedumptionFlowTest -->
