<?xml version="1.0" encoding="UTF-8"?>
<!-- Generated by org.testng.reporters.JUnitReportReporter -->
<testsuite hostname="L-270331" failures="0" tests="1" name="udmyApi.Drag_Drop" time="7.988" errors="0" timestamp="2023-06-15T11:48:01 IST" skipped="0">
  <testcase classname="udmyApi.Drag_Drop" name="Dragdrop" time="7.988"/>
  <system-out/>
</testsuite> <!-- udmyApi.Drag_Drop -->
