<?xml version="1.0" encoding="UTF-8"?>
<!-- Generated by org.testng.reporters.JUnitReportReporter -->
<testsuite hostname="L-270331" failures="0" tests="1" name="udmyApi.Direct_Page_PACKAGE" time="1.095" errors="0" timestamp="2023-06-16T00:06:26 IST" skipped="0">
  <testcase classname="udmyApi.Direct_Page_PACKAGE" name="Miscellanous" time="1.095"/>
  <system-out/>
</testsuite> <!-- udmyApi.Direct_Page_PACKAGE -->
