<?xml version="1.0" encoding="UTF-8"?>
<!-- Generated by org.testng.reporters.JUnitReportReporter -->
<testsuite hostname="L-270331" failures="0" tests="16" name="SomanyTestClass.loginTest" time="190.051" errors="2" timestamp="2024-06-22T18:04:43 IST" skipped="0">
  <testcase classname="SomanyTestClass.loginTest" name="mobileNumber" time="12.903"/>
  <system-out/>
  <testcase classname="SomanyTestClass.loginTest" name="mobileNumber" time="13.955"/>
  <system-out/>
  <testcase classname="SomanyTestClass.loginTest" name="mobileNumber" time="9.463"/>
  <system-out/>
  <testcase classname="SomanyTestClass.loginTest" name="mobileNumber" time="31.412"/>
  <system-out/>
  <testcase classname="SomanyTestClass.loginTest" name="mobileNumber" time="20.873"/>
  <system-out/>
  <testcase classname="SomanyTestClass.loginTest" name="mobileNumber" time="16.688"/>
  <system-out/>
  <testcase classname="SomanyTestClass.loginTest" name="mobileNumber" time="8.930"/>
  <system-out/>
  <testcase classname="SomanyTestClass.loginTest" name="sendOTP" time="0.004"/>
  <system-out/>
  <testcase classname="SomanyTestClass.loginTest" name="enterOTP" time="6.576">
    <error message="An element could not be located on the page using the given search parameters.
For documentation on this error, please visit: https://www.selenium.dev/documentation/webdriver/troubleshooting/errors#no-such-element-exception
Build info: version: &#039;4.22.0&#039;, revision: &#039;c5f3146703*&#039;
System info: os.name: &#039;Windows 11&#039;, os.arch: &#039;amd64&#039;, os.version: &#039;10.0&#039;, java.version: &#039;18.0.2.1&#039;
Driver info: io.appium.java_client.android.AndroidDriver
Command: [77a38106-52b3-444d-ad83-486422cf87b2, findElement {using=xpath, value=//android.widget.EditText}]
Capabilities {appium:automationName: UIAutomator2, appium:databaseEnabled: false, appium:desired: {automationName: UIAutomator2, deviceName: Android SDK built for x86, platformName: ANDROID}, appium:deviceApiLevel: 31, appium:deviceManufacturer: Google, appium:deviceModel: sdk_gphone64_x86_64, appium:deviceName: emulator-5554, appium:deviceScreenDensity: 560, appium:deviceScreenSize: 1440x3120, appium:deviceUDID: emulator-5554, appium:javascriptEnabled: true, appium:locationContextEnabled: false, appium:networkConnectionEnabled: true, appium:pixelRatio: 3.5, appium:platformVersion: 12, appium:statBarHeight: 84, appium:takesScreenshot: true, appium:viewportRect: {height: 2868, left: 0, top: 84, width: 1440}, appium:warnings: {}, appium:webStorageEnabled: false, platformName: ANDROID}
Session ID: 77a38106-52b3-444d-ad83-486422cf87b2" type="org.openqa.selenium.NoSuchElementException">
      <![CDATA[org.openqa.selenium.NoSuchElementException: An element could not be located on the page using the given search parameters.
For documentation on this error, please visit: https://www.selenium.dev/documentation/webdriver/troubleshooting/errors#no-such-element-exception
Build info: version: '4.22.0', revision: 'c5f3146703*'
System info: os.name: 'Windows 11', os.arch: 'amd64', os.version: '10.0', java.version: '18.0.2.1'
Driver info: io.appium.java_client.android.AndroidDriver
Command: [77a38106-52b3-444d-ad83-486422cf87b2, findElement {using=xpath, value=//android.widget.EditText}]
Capabilities {appium:automationName: UIAutomator2, appium:databaseEnabled: false, appium:desired: {automationName: UIAutomator2, deviceName: Android SDK built for x86, platformName: ANDROID}, appium:deviceApiLevel: 31, appium:deviceManufacturer: Google, appium:deviceModel: sdk_gphone64_x86_64, appium:deviceName: emulator-5554, appium:deviceScreenDensity: 560, appium:deviceScreenSize: 1440x3120, appium:deviceUDID: emulator-5554, appium:javascriptEnabled: true, appium:locationContextEnabled: false, appium:networkConnectionEnabled: true, appium:pixelRatio: 3.5, appium:platformVersion: 12, appium:statBarHeight: 84, appium:takesScreenshot: true, appium:viewportRect: {height: 2868, left: 0, top: 84, width: 1440}, appium:warnings: {}, appium:webStorageEnabled: false, platformName: ANDROID}
Session ID: 77a38106-52b3-444d-ad83-486422cf87b2
at java.base/jdk.internal.reflect.DirectConstructorHandleAccessor.newInstance(DirectConstructorHandleAccessor.java:67)
at java.base/java.lang.reflect.Constructor.newInstanceWithCaller(Constructor.java:499)
at java.base/java.lang.reflect.Constructor.newInstance(Constructor.java:483)
at org.openqa.selenium.remote.codec.w3c.W3CHttpResponseCodec.createException(W3CHttpResponseCodec.java:200)
at org.openqa.selenium.remote.codec.w3c.W3CHttpResponseCodec.decode(W3CHttpResponseCodec.java:133)
at org.openqa.selenium.remote.codec.w3c.W3CHttpResponseCodec.decode(W3CHttpResponseCodec.java:52)
at org.openqa.selenium.remote.HttpCommandExecutor.execute(HttpCommandExecutor.java:191)
at io.appium.java_client.remote.AppiumCommandExecutor.execute(AppiumCommandExecutor.java:262)
at org.openqa.selenium.remote.RemoteWebDriver.execute(RemoteWebDriver.java:602)
at org.openqa.selenium.remote.ElementLocation$ElementFinder$2.findElement(ElementLocation.java:165)
at org.openqa.selenium.remote.ElementLocation.findElement(ElementLocation.java:59)
at org.openqa.selenium.remote.RemoteWebDriver.findElement(RemoteWebDriver.java:359)
at org.openqa.selenium.remote.RemoteWebDriver.findElement(RemoteWebDriver.java:353)
at org.openqa.selenium.support.pagefactory.DefaultElementLocator.findElement(DefaultElementLocator.java:68)
at org.openqa.selenium.support.pagefactory.internal.LocatingElementHandler.invoke(LocatingElementHandler.java:38)
at jdk.proxy2/jdk.proxy2.$Proxy15.click(Unknown Source)
at Android.loginPage.OTP_clear(loginPage.java:58)
at SomanyTestClass.loginTest.enterOTP(loginTest.java:48)
at java.base/jdk.internal.reflect.DirectMethodHandleAccessor.invoke(DirectMethodHandleAccessor.java:104)
at java.base/java.lang.reflect.Method.invoke(Method.java:577)
at org.testng.internal.invokers.MethodInvocationHelper.invokeMethod(MethodInvocationHelper.java:139)
at org.testng.internal.invokers.TestInvoker.invokeMethod(TestInvoker.java:677)
at org.testng.internal.invokers.TestInvoker.invokeTestMethod(TestInvoker.java:221)
at org.testng.internal.invokers.MethodRunner.runInSequence(MethodRunner.java:50)
at org.testng.internal.invokers.TestInvoker$MethodInvocationAgent.invoke(TestInvoker.java:962)
at org.testng.internal.invokers.TestInvoker.invokeTestMethods(TestInvoker.java:194)
at org.testng.internal.invokers.TestMethodWorker.invokeTestMethods(TestMethodWorker.java:148)
at org.testng.internal.invokers.TestMethodWorker.run(TestMethodWorker.java:128)
at java.base/java.util.ArrayList.forEach(ArrayList.java:1511)
at org.testng.TestRunner.privateRun(TestRunner.java:806)
at org.testng.TestRunner.run(TestRunner.java:601)
at org.testng.SuiteRunner.runTest(SuiteRunner.java:433)
at org.testng.SuiteRunner.runSequentially(SuiteRunner.java:427)
at org.testng.SuiteRunner.privateRun(SuiteRunner.java:387)
at org.testng.SuiteRunner.run(SuiteRunner.java:330)
at org.testng.SuiteRunnerWorker.runSuite(SuiteRunnerWorker.java:52)
at org.testng.SuiteRunnerWorker.run(SuiteRunnerWorker.java:95)
at org.testng.TestNG.runSuitesSequentially(TestNG.java:1256)
at org.testng.TestNG.runSuitesLocally(TestNG.java:1176)
at org.testng.TestNG.runSuites(TestNG.java:1099)
at org.testng.TestNG.run(TestNG.java:1067)
at org.apache.maven.surefire.testng.TestNGExecutor.run(TestNGExecutor.java:308)
at org.apache.maven.surefire.testng.TestNGXmlTestSuite.execute(TestNGXmlTestSuite.java:71)
at org.apache.maven.surefire.testng.TestNGProvider.invoke(TestNGProvider.java:113)
at org.apache.maven.surefire.booter.ForkedBooter.runSuitesInProcess(ForkedBooter.java:385)
at org.apache.maven.surefire.booter.ForkedBooter.execute(ForkedBooter.java:162)
at org.apache.maven.surefire.booter.ForkedBooter.run(ForkedBooter.java:507)
at org.apache.maven.surefire.booter.ForkedBooter.main(ForkedBooter.java:495)
]]>
    </error>
  </testcase> <!-- enterOTP -->
  <system-out/>
  <testcase classname="SomanyTestClass.loginTest" name="enterOTP" time="11.113"/>
  <system-out/>
  <testcase classname="SomanyTestClass.loginTest" name="enterOTP" time="14.478"/>
  <system-out/>
  <testcase classname="SomanyTestClass.loginTest" name="enterOTP" time="13.924"/>
  <system-out/>
  <testcase classname="SomanyTestClass.loginTest" name="enterOTP" time="9.688"/>
  <system-out/>
  <testcase classname="SomanyTestClass.loginTest" name="enterOTP" time="15.060"/>
  <system-out/>
  <testcase classname="SomanyTestClass.loginTest" name="submit" time="0.006"/>
  <system-out/>
  <testcase classname="SomanyTestClass.loginTest" name="resendOTP" time="4.978">
    <error message="An element could not be located on the page using the given search parameters.
For documentation on this error, please visit: https://www.selenium.dev/documentation/webdriver/troubleshooting/errors#no-such-element-exception
Build info: version: &#039;4.22.0&#039;, revision: &#039;c5f3146703*&#039;
System info: os.name: &#039;Windows 11&#039;, os.arch: &#039;amd64&#039;, os.version: &#039;10.0&#039;, java.version: &#039;18.0.2.1&#039;
Driver info: io.appium.java_client.android.AndroidDriver
Command: [77a38106-52b3-444d-ad83-486422cf87b2, findElement {using=xpath, value=//android.view.View[@content-desc=&#039;Resend OTP&#039;]}]
Capabilities {appium:automationName: UIAutomator2, appium:databaseEnabled: false, appium:desired: {automationName: UIAutomator2, deviceName: Android SDK built for x86, platformName: ANDROID}, appium:deviceApiLevel: 31, appium:deviceManufacturer: Google, appium:deviceModel: sdk_gphone64_x86_64, appium:deviceName: emulator-5554, appium:deviceScreenDensity: 560, appium:deviceScreenSize: 1440x3120, appium:deviceUDID: emulator-5554, appium:javascriptEnabled: true, appium:locationContextEnabled: false, appium:networkConnectionEnabled: true, appium:pixelRatio: 3.5, appium:platformVersion: 12, appium:statBarHeight: 84, appium:takesScreenshot: true, appium:viewportRect: {height: 2868, left: 0, top: 84, width: 1440}, appium:warnings: {}, appium:webStorageEnabled: false, platformName: ANDROID}
Session ID: 77a38106-52b3-444d-ad83-486422cf87b2" type="org.openqa.selenium.NoSuchElementException">
      <![CDATA[org.openqa.selenium.NoSuchElementException: An element could not be located on the page using the given search parameters.
For documentation on this error, please visit: https://www.selenium.dev/documentation/webdriver/troubleshooting/errors#no-such-element-exception
Build info: version: '4.22.0', revision: 'c5f3146703*'
System info: os.name: 'Windows 11', os.arch: 'amd64', os.version: '10.0', java.version: '18.0.2.1'
Driver info: io.appium.java_client.android.AndroidDriver
Command: [77a38106-52b3-444d-ad83-486422cf87b2, findElement {using=xpath, value=//android.view.View[@content-desc='Resend OTP']}]
Capabilities {appium:automationName: UIAutomator2, appium:databaseEnabled: false, appium:desired: {automationName: UIAutomator2, deviceName: Android SDK built for x86, platformName: ANDROID}, appium:deviceApiLevel: 31, appium:deviceManufacturer: Google, appium:deviceModel: sdk_gphone64_x86_64, appium:deviceName: emulator-5554, appium:deviceScreenDensity: 560, appium:deviceScreenSize: 1440x3120, appium:deviceUDID: emulator-5554, appium:javascriptEnabled: true, appium:locationContextEnabled: false, appium:networkConnectionEnabled: true, appium:pixelRatio: 3.5, appium:platformVersion: 12, appium:statBarHeight: 84, appium:takesScreenshot: true, appium:viewportRect: {height: 2868, left: 0, top: 84, width: 1440}, appium:warnings: {}, appium:webStorageEnabled: false, platformName: ANDROID}
Session ID: 77a38106-52b3-444d-ad83-486422cf87b2
at java.base/jdk.internal.reflect.DirectConstructorHandleAccessor.newInstance(DirectConstructorHandleAccessor.java:67)
at java.base/java.lang.reflect.Constructor.newInstanceWithCaller(Constructor.java:499)
at java.base/java.lang.reflect.Constructor.newInstance(Constructor.java:483)
at org.openqa.selenium.remote.codec.w3c.W3CHttpResponseCodec.createException(W3CHttpResponseCodec.java:200)
at org.openqa.selenium.remote.codec.w3c.W3CHttpResponseCodec.decode(W3CHttpResponseCodec.java:133)
at org.openqa.selenium.remote.codec.w3c.W3CHttpResponseCodec.decode(W3CHttpResponseCodec.java:52)
at org.openqa.selenium.remote.HttpCommandExecutor.execute(HttpCommandExecutor.java:191)
at io.appium.java_client.remote.AppiumCommandExecutor.execute(AppiumCommandExecutor.java:262)
at org.openqa.selenium.remote.RemoteWebDriver.execute(RemoteWebDriver.java:602)
at org.openqa.selenium.remote.ElementLocation$ElementFinder$2.findElement(ElementLocation.java:165)
at org.openqa.selenium.remote.ElementLocation.findElement(ElementLocation.java:59)
at org.openqa.selenium.remote.RemoteWebDriver.findElement(RemoteWebDriver.java:359)
at org.openqa.selenium.remote.RemoteWebDriver.findElement(RemoteWebDriver.java:353)
at org.openqa.selenium.support.pagefactory.DefaultElementLocator.findElement(DefaultElementLocator.java:68)
at org.openqa.selenium.support.pagefactory.internal.LocatingElementHandler.invoke(LocatingElementHandler.java:38)
at jdk.proxy2/jdk.proxy2.$Proxy15.click(Unknown Source)
at Android.loginPage.getResend_OTP(loginPage.java:69)
at SomanyTestClass.loginTest.resendOTP(loginTest.java:60)
at java.base/jdk.internal.reflect.DirectMethodHandleAccessor.invoke(DirectMethodHandleAccessor.java:104)
at java.base/java.lang.reflect.Method.invoke(Method.java:577)
at org.testng.internal.invokers.MethodInvocationHelper.invokeMethod(MethodInvocationHelper.java:139)
at org.testng.internal.invokers.TestInvoker.invokeMethod(TestInvoker.java:677)
at org.testng.internal.invokers.TestInvoker.invokeTestMethod(TestInvoker.java:221)
at org.testng.internal.invokers.MethodRunner.runInSequence(MethodRunner.java:50)
at org.testng.internal.invokers.TestInvoker$MethodInvocationAgent.invoke(TestInvoker.java:962)
at org.testng.internal.invokers.TestInvoker.invokeTestMethods(TestInvoker.java:194)
at org.testng.internal.invokers.TestMethodWorker.invokeTestMethods(TestMethodWorker.java:148)
at org.testng.internal.invokers.TestMethodWorker.run(TestMethodWorker.java:128)
at java.base/java.util.ArrayList.forEach(ArrayList.java:1511)
at org.testng.TestRunner.privateRun(TestRunner.java:806)
at org.testng.TestRunner.run(TestRunner.java:601)
at org.testng.SuiteRunner.runTest(SuiteRunner.java:433)
at org.testng.SuiteRunner.runSequentially(SuiteRunner.java:427)
at org.testng.SuiteRunner.privateRun(SuiteRunner.java:387)
at org.testng.SuiteRunner.run(SuiteRunner.java:330)
at org.testng.SuiteRunnerWorker.runSuite(SuiteRunnerWorker.java:52)
at org.testng.SuiteRunnerWorker.run(SuiteRunnerWorker.java:95)
at org.testng.TestNG.runSuitesSequentially(TestNG.java:1256)
at org.testng.TestNG.runSuitesLocally(TestNG.java:1176)
at org.testng.TestNG.runSuites(TestNG.java:1099)
at org.testng.TestNG.run(TestNG.java:1067)
at org.apache.maven.surefire.testng.TestNGExecutor.run(TestNGExecutor.java:308)
at org.apache.maven.surefire.testng.TestNGXmlTestSuite.execute(TestNGXmlTestSuite.java:71)
at org.apache.maven.surefire.testng.TestNGProvider.invoke(TestNGProvider.java:113)
at org.apache.maven.surefire.booter.ForkedBooter.runSuitesInProcess(ForkedBooter.java:385)
at org.apache.maven.surefire.booter.ForkedBooter.execute(ForkedBooter.java:162)
at org.apache.maven.surefire.booter.ForkedBooter.run(ForkedBooter.java:507)
at org.apache.maven.surefire.booter.ForkedBooter.main(ForkedBooter.java:495)
]]>
    </error>
  </testcase> <!-- resendOTP -->
  <system-out/>
</testsuite> <!-- SomanyTestClass.loginTest -->
